<?xml version="1.0" encoding="UTF-8"?>
<!-- Generated by org.testng.reporters.JUnitXMLReporter -->
<testsuite ignored="0" hostname="LAPTOP-8C0MNRJE" failures="1" tests="4" name="My Test" time="13.521" errors="0" timestamp="2024-02-14T23:20:21 IST">
  <testcase classname="LoginModule.LoginTest" name="LoginDataDrivenTest" time="1.375"/>
  <testcase classname="LoginModule.LoginTest" name="LoginDataDrivenTest" time="0.934">
    <failure type="java.lang.AssertionError" message="null">
      <![CDATA[java.lang.AssertionError: null
at LoginModule.LoginTest.LoginDataDrivenTest(LoginTest.java:62)
at java.base/java.util.ArrayList.forEach(ArrayList.java:1511)
... Removed 29 stack frames]]>
    </failure>
  </testcase> <!-- LoginDataDrivenTest -->
  <testcase classname="LoginModule.LoginTest" name="LoginDataDrivenTest" time="4.818"/>
  <testcase classname="LoginModule.LoginTest" name="LoginDataDrivenTest" time="0.973"/>
</testsuite> <!-- My Test -->
