<?xml version="1.0" encoding="UTF-8"?>
<testsuite xmlns:xsi="http://www.w3.org/2001/XMLSchema-instance" xsi:noNamespaceSchemaLocation="https://maven.apache.org/surefire/maven-surefire-plugin/xsd/surefire-test-report-3.0.xsd" version="3.0" name="TestSuite" time="128.429" tests="3" errors="0" skipped="0" failures="0">
  <properties>
[...]
</properties>
  <testcase name="deleteLeadUsingDelLinkAndVerifyTest[Viraj, Nevrekar](1)" classname="LeadsModule.DeleteLeadUsingDelLInkTest" time="28.162">
    <system-out><![CDATA[Database connection established
17:30:56.877 [main] INFO  LeadsModule.DeleteLeadUsingDelLInkTest - Browser has opened
17:30:57.772 [main] INFO  LeadsModule.DeleteLeadUsingDelLInkTest - Navigated to the URL - http://localhost:8888/
17:31:00.470 [main] INFO  LeadsModule.DeleteLeadUsingDelLInkTest - User 'admin' has logged in
17:31:03.254 [main] INFO  LeadsModule.DeleteLeadUsingDelLInkTest - The user has navigated to Leads Module
17:31:03.337 [main] INFO  LeadsModule.DeleteLeadUsingDelLInkTest - The user is trying to delete Viraj Nevrekar
17:31:04.353 [main] INFO  LeadsModule.DeleteLeadUsingDelLInkTest - The user has accepted the alert popup
17:31:27.410 [main] INFO  LeadsModule.DeleteLeadUsingDelLInkTest - Test Passed
17:31:28.633 [main] INFO  LeadsModule.DeleteLeadUsingDelLInkTest - The user has navigated to home page
]]></system-out>
    <system-err><![CDATA[SLF4J: Failed to load class "org.slf4j.impl.StaticLoggerBinder".
SLF4J: Defaulting to no-operation (NOP) logger implementation
SLF4J: See http://www.slf4j.org/codes.html#StaticLoggerBinder for further details.
Feb 16, 2024 5:30:55 PM org.openqa.selenium.manager.SeleniumManager lambda$runCommand$1
INFO: Driver path: C:\Users\pcpiy\.cache\selenium\chromedriver\win64\121.0.6167.85\chromedriver.exe
Feb 16, 2024 5:30:55 PM org.openqa.selenium.manager.SeleniumManager lambda$runCommand$1
INFO: Browser path: C:\Program Files\Google\Chrome\Application\chrome.exe
Feb 16, 2024 5:30:56 PM org.openqa.selenium.devtools.CdpVersionFinder findNearestMatch
WARNING: Unable to find CDP implementation matching 121
Feb 16, 2024 5:30:56 PM org.openqa.selenium.chromium.ChromiumDriver lambda$new$5
WARNING: Unable to find version of CDP to use for 121.0.6167.162. You may need to include a dependency on a specific version of the CDP using something similar to `org.seleniumhq.selenium:selenium-devtools-v86:4.12.0` where the version ("v86") matches the version of the chromium-based browser you're using and the version number of the artifact is the same as Selenium's.
]]></system-err>
  </testcase>
  <testcase name="deleteLeadUsingDelLinkAndVerifyTest[Rohit, Pai](2)" classname="LeadsModule.DeleteLeadUsingDelLInkTest" time="37.179">
    <system-out><![CDATA[17:31:31.154 [main] INFO  LeadsModule.DeleteLeadUsingDelLInkTest - The user has signed out
17:31:33.045 [main] INFO  LeadsModule.DeleteLeadUsingDelLInkTest - User 'admin' has logged in
17:31:35.366 [main] INFO  LeadsModule.DeleteLeadUsingDelLInkTest - The user has navigated to Leads Module
17:31:35.458 [main] INFO  LeadsModule.DeleteLeadUsingDelLInkTest - The user is trying to delete Rohit Pai
17:31:36.477 [main] INFO  LeadsModule.DeleteLeadUsingDelLInkTest - The user has accepted the alert popup
17:31:39.537 [main] INFO  LeadsModule.DeleteLeadUsingDelLInkTest - The user is trying to delete Rohit Pai
17:31:40.546 [main] INFO  LeadsModule.DeleteLeadUsingDelLInkTest - The user has accepted the alert popup
17:31:43.607 [main] INFO  LeadsModule.DeleteLeadUsingDelLInkTest - The user is trying to delete Rohit Pai
17:31:44.616 [main] INFO  LeadsModule.DeleteLeadUsingDelLInkTest - The user has accepted the alert popup
17:32:07.735 [main] INFO  LeadsModule.DeleteLeadUsingDelLInkTest - Test Passed
17:32:10.217 [main] INFO  LeadsModule.DeleteLeadUsingDelLInkTest - The user has navigated to home page
]]></system-out>
  </testcase>
  <testcase name="deleteLeadUsingDelLinkAndVerifyTest[Mohit, Gupta](3)" classname="LeadsModule.DeleteLeadUsingDelLInkTest" time="32.087">
    <system-out><![CDATA[17:32:15.162 [main] INFO  LeadsModule.DeleteLeadUsingDelLInkTest - The user has signed out
17:32:18.739 [main] INFO  LeadsModule.DeleteLeadUsingDelLInkTest - User 'admin' has logged in
17:32:24.103 [main] INFO  LeadsModule.DeleteLeadUsingDelLInkTest - The user has navigated to Leads Module
17:32:24.180 [main] INFO  LeadsModule.DeleteLeadUsingDelLInkTest - The user is trying to delete Mohit Gupta
17:32:25.209 [main] INFO  LeadsModule.DeleteLeadUsingDelLInkTest - The user has accepted the alert popup
17:32:48.406 [main] INFO  LeadsModule.DeleteLeadUsingDelLInkTest - Test Passed
17:32:50.825 [main] INFO  LeadsModule.DeleteLeadUsingDelLInkTest - The user has navigated to home page
]]></system-out>
  </testcase>
</testsuite>