<?xml version="1.0" encoding="UTF-8"?>
<testng-results ignored="0" total="3" passed="3" failed="0" skipped="0">
  <reporter-output>
  </reporter-output>
  <suite started-at="2024-02-16T17:30:50 IST" name="My Suite" finished-at="2024-02-16T17:32:56 IST" duration-ms="125430">
    <groups>
    </groups>
    <test started-at="2024-02-16T17:30:50 IST" name="My Test" finished-at="2024-02-16T17:32:56 IST" duration-ms="125430">
      <class name="LeadsModule.DeleteLeadUsingDelLInkTest">
        <test-method is-config="true" signature="bs()[pri:0, instance:LeadsModule.DeleteLeadUsingDelLInkTest@515aebb0]" started-at="2024-02-16T17:30:50 IST" name="bs" finished-at="2024-02-16T17:30:50 IST" duration-ms="23" status="PASS">
          <reporter-output>
          </reporter-output>
        </test-method> <!-- bs -->
        <test-method is-config="true" signature="bc()[pri:0, instance:LeadsModule.DeleteLeadUsingDelLInkTest@515aebb0]" started-at="2024-02-16T17:30:51 IST" name="bc" finished-at="2024-02-16T17:30:57 IST" duration-ms="6399" status="PASS">
          <reporter-output>
          </reporter-output>
        </test-method> <!-- bc -->
        <test-method is-config="true" signature="bm()[pri:0, instance:LeadsModule.DeleteLeadUsingDelLInkTest@515aebb0]" started-at="2024-02-16T17:30:58 IST" name="bm" finished-at="2024-02-16T17:31:00 IST" duration-ms="1799" status="PASS">
          <reporter-output>
          </reporter-output>
        </test-method> <!-- bm -->
        <test-method signature="deleteLeadUsingDelLinkAndVerifyTest(java.lang.String,java.lang.String)[pri:0, instance:LeadsModule.DeleteLeadUsingDelLInkTest@515aebb0]" started-at="2024-02-16T17:31:00 IST" name="deleteLeadUsingDelLinkAndVerifyTest" data-provider="deleteLead" finished-at="2024-02-16T17:31:28 IST" duration-ms="28159" status="PASS">
          <params>
            <param index="0">
              <value>
                <![CDATA[Viraj]]>
              </value>
            </param>
            <param index="1">
              <value>
                <![CDATA[Nevrekar]]>
              </value>
            </param>
          </params>
          <reporter-output>
          </reporter-output>
        </test-method> <!-- deleteLeadUsingDelLinkAndVerifyTest -->
        <test-method is-config="true" signature="am()[pri:0, instance:LeadsModule.DeleteLeadUsingDelLInkTest@515aebb0]" started-at="2024-02-16T17:31:28 IST" name="am" finished-at="2024-02-16T17:31:31 IST" duration-ms="2509" status="PASS">
          <reporter-output>
          </reporter-output>
        </test-method> <!-- am -->
        <test-method is-config="true" signature="bm()[pri:0, instance:LeadsModule.DeleteLeadUsingDelLInkTest@515aebb0]" started-at="2024-02-16T17:31:31 IST" name="bm" finished-at="2024-02-16T17:31:33 IST" duration-ms="1890" status="PASS">
          <reporter-output>
          </reporter-output>
        </test-method> <!-- bm -->
        <test-method signature="deleteLeadUsingDelLinkAndVerifyTest(java.lang.String,java.lang.String)[pri:0, instance:LeadsModule.DeleteLeadUsingDelLInkTest@515aebb0]" started-at="2024-02-16T17:31:33 IST" name="deleteLeadUsingDelLinkAndVerifyTest" data-provider="deleteLead" finished-at="2024-02-16T17:32:10 IST" duration-ms="37185" status="PASS">
          <params>
            <param index="0">
              <value>
                <![CDATA[Rohit]]>
              </value>
            </param>
            <param index="1">
              <value>
                <![CDATA[Pai]]>
              </value>
            </param>
          </params>
          <reporter-output>
          </reporter-output>
        </test-method> <!-- deleteLeadUsingDelLinkAndVerifyTest -->
        <test-method is-config="true" signature="am()[pri:0, instance:LeadsModule.DeleteLeadUsingDelLInkTest@515aebb0]" started-at="2024-02-16T17:32:10 IST" name="am" finished-at="2024-02-16T17:32:15 IST" duration-ms="4926" status="PASS">
          <reporter-output>
          </reporter-output>
        </test-method> <!-- am -->
        <test-method is-config="true" signature="bm()[pri:0, instance:LeadsModule.DeleteLeadUsingDelLInkTest@515aebb0]" started-at="2024-02-16T17:32:15 IST" name="bm" finished-at="2024-02-16T17:32:18 IST" duration-ms="3575" status="PASS">
          <reporter-output>
          </reporter-output>
        </test-method> <!-- bm -->
        <test-method signature="deleteLeadUsingDelLinkAndVerifyTest(java.lang.String,java.lang.String)[pri:0, instance:LeadsModule.DeleteLeadUsingDelLInkTest@515aebb0]" started-at="2024-02-16T17:32:18 IST" name="deleteLeadUsingDelLinkAndVerifyTest" data-provider="deleteLead" finished-at="2024-02-16T17:32:50 IST" duration-ms="32088" status="PASS">
          <params>
            <param index="0">
              <value>
                <![CDATA[Mohit]]>
              </value>
            </param>
            <param index="1">
              <value>
                <![CDATA[Gupta]]>
              </value>
            </param>
          </params>
          <reporter-output>
          </reporter-output>
        </test-method> <!-- deleteLeadUsingDelLinkAndVerifyTest -->
        <test-method is-config="true" signature="am()[pri:0, instance:LeadsModule.DeleteLeadUsingDelLInkTest@515aebb0]" started-at="2024-02-16T17:32:50 IST" name="am" finished-at="2024-02-16T17:32:55 IST" duration-ms="5098" status="PASS">
          <reporter-output>
          </reporter-output>
        </test-method> <!-- am -->
        <test-method is-config="true" signature="ac()[pri:0, instance:LeadsModule.DeleteLeadUsingDelLInkTest@515aebb0]" started-at="2024-02-16T17:32:55 IST" name="ac" finished-at="2024-02-16T17:32:56 IST" duration-ms="359" status="PASS">
          <reporter-output>
          </reporter-output>
        </test-method> <!-- ac -->
        <test-method is-config="true" signature="as()[pri:0, instance:LeadsModule.DeleteLeadUsingDelLInkTest@515aebb0]" started-at="2024-02-16T17:32:58 IST" name="as" finished-at="2024-02-16T17:32:58 IST" duration-ms="1" status="PASS">
          <reporter-output>
          </reporter-output>
        </test-method> <!-- as -->
      </class> <!-- LeadsModule.DeleteLeadUsingDelLInkTest -->
    </test> <!-- My Test -->
  </suite> <!-- My Suite -->
</testng-results>
