<?xml version="1.0" encoding="UTF-8"?>
<!-- Generated by org.testng.reporters.JUnitXMLReporter -->
<testsuite ignored="0" hostname="LAPTOP-8C0MNRJE" failures="0" tests="3" name="My Test" time="125.43" errors="0" timestamp="2024-02-16T17:32:58 IST">
  <testcase classname="LeadsModule.DeleteLeadUsingDelLInkTest" name="deleteLeadUsingDelLinkAndVerifyTest" time="28.159"/>
  <testcase classname="LeadsModule.DeleteLeadUsingDelLInkTest" name="deleteLeadUsingDelLinkAndVerifyTest" time="37.185"/>
  <testcase classname="LeadsModule.DeleteLeadUsingDelLInkTest" name="deleteLeadUsingDelLinkAndVerifyTest" time="32.088"/>
</testsuite> <!-- My Test -->
